#! /usr/bin/vvp
:ivl_version "12.0 (stable)";
:ivl_delay_selection "TYPICAL";
:vpi_time_precision - 12;
:vpi_module "/usr/lib/x86_64-linux-gnu/ivl/system.vpi";
:vpi_module "/usr/lib/x86_64-linux-gnu/ivl/vhdl_sys.vpi";
:vpi_module "/usr/lib/x86_64-linux-gnu/ivl/vhdl_textio.vpi";
:vpi_module "/usr/lib/x86_64-linux-gnu/ivl/v2005_math.vpi";
:vpi_module "/usr/lib/x86_64-linux-gnu/ivl/va_math.vpi";
:vpi_module "/usr/lib/x86_64-linux-gnu/ivl/v2009.vpi";
S_0x5ac4cf8d0550 .scope package, "$unit" "$unit" 2 1;
 .timescale 0 0;
S_0x5ac4cf8d06e0 .scope module, "tb_binary_lif_neuron" "tb_binary_lif_neuron" 3 9;
 .timescale -9 -12;
P_0x5ac4cf90d550 .param/l "CLK_PERIOD" 0 3 28, +C4<00000000000000000000000000001010>;
P_0x5ac4cf90d590 .param/l "FRACTION_BITS" 0 3 14, +C4<00000000000000000000000000001000>;
P_0x5ac4cf90d5d0 .param/l "POTENTIAL_WIDTH" 0 3 13, +C4<00000000000000000000000000010000>;
P_0x5ac4cf90d610 .param/l "SCALE_FACTOR" 0 3 15, +C4<0000000000000000000000000000000100000000>;
v0x5ac4cf935190_0 .var "I", 0 0;
v0x5ac4cf935250_0 .net "S", 0 0, v0x5ac4cf901a70_0;  1 drivers
v0x5ac4cf9352f0_0 .var "clk", 0 0;
v0x5ac4cf935390_0 .var "lambda_val_scaled", 7 0;
v0x5ac4cf935430_0 .var "reset", 0 0;
v0x5ac4cf935520_0 .var "reset_val_scaled", 15 0;
v0x5ac4cf9355f0_0 .var "theta_val_scaled", 15 0;
E_0x5ac4cf914160 .event posedge, v0x5ac4cf934c40_0;
S_0x5ac4cf912960 .scope module, "lif_neuron" "binary_lif_neuron" 3 36, 4 30 0, S_0x5ac4cf8d06e0;
 .timescale -9 -12;
    .port_info 0 /INPUT 1 "clk";
    .port_info 1 /INPUT 1 "reset";
    .port_info 2 /INPUT 1 "I";
    .port_info 3 /INPUT 8 "lambda_val_scaled";
    .port_info 4 /INPUT 16 "theta_val_scaled";
    .port_info 5 /INPUT 16 "reset_val_scaled";
    .port_info 6 /OUTPUT 1 "S";
P_0x5ac4cf8f6490 .param/l "FRACTION_BITS" 0 4 32, +C4<00000000000000000000000000001000>;
P_0x5ac4cf8f64d0 .param/l "POTENTIAL_WIDTH" 0 4 31, +C4<00000000000000000000000000010000>;
v0x5ac4cf8ffde0_0 .net "I", 0 0, v0x5ac4cf935190_0;  1 drivers
v0x5ac4cf9000d0_0 .var "P", 15 0;
v0x5ac4cf901a70_0 .var "S", 0 0;
v0x5ac4cf934c40_0 .net "clk", 0 0, v0x5ac4cf9352f0_0;  1 drivers
v0x5ac4cf934d00_0 .net "lambda_val_scaled", 7 0, v0x5ac4cf935390_0;  1 drivers
v0x5ac4cf934e30_0 .net "reset", 0 0, v0x5ac4cf935430_0;  1 drivers
v0x5ac4cf934ef0_0 .net "reset_val_scaled", 15 0, v0x5ac4cf935520_0;  1 drivers
v0x5ac4cf934fd0_0 .net "theta_val_scaled", 15 0, v0x5ac4cf9355f0_0;  1 drivers
E_0x5ac4cf8f4780 .event posedge, v0x5ac4cf934e30_0, v0x5ac4cf934c40_0;
S_0x5ac4cf912c00 .scope begin, "$unm_blk_6" "$unm_blk_6" 4 63, 4 63 0, S_0x5ac4cf912960;
 .timescale -9 -12;
v0x5ac4cf8fc6a0_0 .var "P_current_cycle_calc", 15 0;
v0x5ac4cf8fd160_0 .var "P_mul_result", 23 0;
    .scope S_0x5ac4cf912960;
T_0 ;
    %pushi/vec4 0, 0, 16;
    %store/vec4 v0x5ac4cf9000d0_0, 0, 16;
    %pushi/vec4 0, 0, 1;
    %store/vec4 v0x5ac4cf901a70_0, 0, 1;
    %end;
    .thread T_0;
    .scope S_0x5ac4cf912960;
T_1 ;
    %wait E_0x5ac4cf8f4780;
    %load/vec4 v0x5ac4cf934e30_0;
    %flag_set/vec4 8;
    %jmp/0xz  T_1.0, 8;
    %pushi/vec4 0, 0, 16;
    %assign/vec4 v0x5ac4cf9000d0_0, 0;
    %pushi/vec4 0, 0, 1;
    %assign/vec4 v0x5ac4cf901a70_0, 0;
    %jmp T_1.1;
T_1.0 ;
    %fork t_1, S_0x5ac4cf912c00;
    %jmp t_0;
    .scope S_0x5ac4cf912c00;
t_1 ;
    %load/vec4 v0x5ac4cf9000d0_0;
    %pad/u 24;
    %load/vec4 v0x5ac4cf934d00_0;
    %pad/u 24;
    %mul;
    %store/vec4 v0x5ac4cf8fd160_0, 0, 24;
    %load/vec4 v0x5ac4cf8fd160_0;
    %ix/load 4, 8, 0;
    %flag_set/imm 4, 0;
    %shiftr 4;
    %pad/u 16;
    %store/vec4 v0x5ac4cf8fc6a0_0, 0, 16;
    %load/vec4 v0x5ac4cf8fc6a0_0;
    %load/vec4 v0x5ac4cf8ffde0_0;
    %flag_set/vec4 8;
    %jmp/0 T_1.2, 8;
    %pushi/vec4 256, 0, 16;
    %jmp/1 T_1.3, 8;
T_1.2 ; End of true expr.
    %pushi/vec4 0, 0, 16;
    %jmp/0 T_1.3, 8;
 ; End of false expr.
    %blend;
T_1.3;
    %add;
    %store/vec4 v0x5ac4cf8fc6a0_0, 0, 16;
    %load/vec4 v0x5ac4cf934fd0_0;
    %load/vec4 v0x5ac4cf8fc6a0_0;
    %cmp/u;
    %flag_or 5, 4;
    %jmp/0xz  T_1.4, 5;
    %pushi/vec4 1, 0, 1;
    %assign/vec4 v0x5ac4cf901a70_0, 0;
    %load/vec4 v0x5ac4cf934ef0_0;
    %assign/vec4 v0x5ac4cf9000d0_0, 0;
    %jmp T_1.5;
T_1.4 ;
    %pushi/vec4 0, 0, 1;
    %assign/vec4 v0x5ac4cf901a70_0, 0;
    %load/vec4 v0x5ac4cf8fc6a0_0;
    %assign/vec4 v0x5ac4cf9000d0_0, 0;
T_1.5 ;
    %end;
    .scope S_0x5ac4cf912960;
t_0 %join;
T_1.1 ;
    %jmp T_1;
    .thread T_1;
    .scope S_0x5ac4cf8d06e0;
T_2 ;
    %delay 5000, 0;
    %load/vec4 v0x5ac4cf9352f0_0;
    %inv;
    %store/vec4 v0x5ac4cf9352f0_0, 0, 1;
    %jmp T_2;
    .thread T_2;
    .scope S_0x5ac4cf8d06e0;
T_3 ;
    %vpi_call/w 3 50 "$dumpfile", "lif_neuron.vcd" {0 0 0};
    %vpi_call/w 3 51 "$dumpvars", 32'sb00000000000000000000000000000000, S_0x5ac4cf8d06e0 {0 0 0};
    %pushi/vec4 0, 0, 1;
    %store/vec4 v0x5ac4cf9352f0_0, 0, 1;
    %pushi/vec4 1, 0, 1;
    %store/vec4 v0x5ac4cf935430_0, 0, 1;
    %pushi/vec4 0, 0, 1;
    %store/vec4 v0x5ac4cf935190_0, 0, 1;
    %pushi/vec4 0, 0, 8;
    %store/vec4 v0x5ac4cf935390_0, 0, 8;
    %pushi/vec4 0, 0, 16;
    %store/vec4 v0x5ac4cf9355f0_0, 0, 16;
    %pushi/vec4 0, 0, 16;
    %store/vec4 v0x5ac4cf935520_0, 0, 16;
    %delay 10000, 0;
    %pushi/vec4 0, 0, 1;
    %store/vec4 v0x5ac4cf935430_0, 0, 1;
    %vpi_call/w 3 65 "$display", "--- Starting Simulation ---" {0 0 0};
    %vpi_call/w 3 71 "$display", "\012Scenario 1: Constant input below threshold" {0 0 0};
    %pushi/vec4 128, 0, 8;
    %store/vec4 v0x5ac4cf935390_0, 0, 8;
    %pushi/vec4 512, 0, 16;
    %store/vec4 v0x5ac4cf9355f0_0, 0, 16;
    %pushi/vec4 0, 0, 16;
    %store/vec4 v0x5ac4cf935520_0, 0, 16;
    %pushi/vec4 1, 0, 1;
    %store/vec4 v0x5ac4cf935190_0, 0, 1;
    %pushi/vec4 20, 0, 32;
T_3.0 %dup/vec4;
    %pushi/vec4 0, 0, 32;
    %cmp/s;
    %jmp/1xz T_3.1, 5;
    %jmp/1 T_3.1, 4;
    %pushi/vec4 1, 0, 32;
    %sub;
    %wait E_0x5ac4cf914160;
    %jmp T_3.0;
T_3.1 ;
    %pop/vec4 1;
    %vpi_call/w 3 82 "$display", "Expected S1: Potential should accumulate but not reach threshold. S should remain 0." {0 0 0};
    %vpi_call/w 3 88 "$display", "\012Scenario 2: Input accumulates until reaching threshold" {0 0 0};
    %pushi/vec4 1, 0, 1;
    %store/vec4 v0x5ac4cf935430_0, 0, 1;
    %delay 10000, 0;
    %pushi/vec4 0, 0, 1;
    %store/vec4 v0x5ac4cf935430_0, 0, 1;
    %pushi/vec4 230, 0, 8;
    %store/vec4 v0x5ac4cf935390_0, 0, 8;
    %pushi/vec4 384, 0, 16;
    %store/vec4 v0x5ac4cf9355f0_0, 0, 16;
    %pushi/vec4 26, 0, 16;
    %store/vec4 v0x5ac4cf935520_0, 0, 16;
    %pushi/vec4 1, 0, 1;
    %store/vec4 v0x5ac4cf935190_0, 0, 1;
    %pushi/vec4 20, 0, 32;
T_3.2 %dup/vec4;
    %pushi/vec4 0, 0, 32;
    %cmp/s;
    %jmp/1xz T_3.3, 5;
    %jmp/1 T_3.3, 4;
    %pushi/vec4 1, 0, 32;
    %sub;
    %wait E_0x5ac4cf914160;
    %jmp T_3.2;
T_3.3 ;
    %pop/vec4 1;
    %vpi_call/w 3 101 "$display", "Expected S2: Potential should accumulate and eventually reach threshold, causing spikes." {0 0 0};
    %vpi_call/w 3 107 "$display", "\012Scenario 3: Leakage with no input" {0 0 0};
    %pushi/vec4 1, 0, 1;
    %store/vec4 v0x5ac4cf935430_0, 0, 1;
    %delay 10000, 0;
    %pushi/vec4 0, 0, 1;
    %store/vec4 v0x5ac4cf935430_0, 0, 1;
    %pushi/vec4 205, 0, 8;
    %store/vec4 v0x5ac4cf935390_0, 0, 8;
    %pushi/vec4 256, 0, 16;
    %store/vec4 v0x5ac4cf9355f0_0, 0, 16;
    %pushi/vec4 0, 0, 16;
    %store/vec4 v0x5ac4cf935520_0, 0, 16;
    %pushi/vec4 1, 0, 1;
    %store/vec4 v0x5ac4cf935190_0, 0, 1;
    %pushi/vec4 5, 0, 32;
T_3.4 %dup/vec4;
    %pushi/vec4 0, 0, 32;
    %cmp/s;
    %jmp/1xz T_3.5, 5;
    %jmp/1 T_3.5, 4;
    %pushi/vec4 1, 0, 32;
    %sub;
    %wait E_0x5ac4cf914160;
    %jmp T_3.4;
T_3.5 ;
    %pop/vec4 1;
    %pushi/vec4 0, 0, 1;
    %store/vec4 v0x5ac4cf935190_0, 0, 1;
    %pushi/vec4 20, 0, 32;
T_3.6 %dup/vec4;
    %pushi/vec4 0, 0, 32;
    %cmp/s;
    %jmp/1xz T_3.7, 5;
    %jmp/1 T_3.7, 4;
    %pushi/vec4 1, 0, 32;
    %sub;
    %wait E_0x5ac4cf914160;
    %jmp T_3.6;
T_3.7 ;
    %pop/vec4 1;
    %vpi_call/w 3 124 "$display", "Expected S3: Potential should decrease over time due to leakage." {0 0 0};
    %vpi_call/w 3 130 "$display", "\012Scenario 4: Strong input causing immediate spiking" {0 0 0};
    %pushi/vec4 1, 0, 1;
    %store/vec4 v0x5ac4cf935430_0, 0, 1;
    %delay 10000, 0;
    %pushi/vec4 0, 0, 1;
    %store/vec4 v0x5ac4cf935430_0, 0, 1;
    %pushi/vec4 205, 0, 8;
    %store/vec4 v0x5ac4cf935390_0, 0, 8;
    %pushi/vec4 128, 0, 16;
    %store/vec4 v0x5ac4cf9355f0_0, 0, 16;
    %pushi/vec4 0, 0, 16;
    %store/vec4 v0x5ac4cf935520_0, 0, 16;
    %pushi/vec4 1, 0, 1;
    %store/vec4 v0x5ac4cf935190_0, 0, 1;
    %pushi/vec4 10, 0, 32;
T_3.8 %dup/vec4;
    %pushi/vec4 0, 0, 32;
    %cmp/s;
    %jmp/1xz T_3.9, 5;
    %jmp/1 T_3.9, 4;
    %pushi/vec4 1, 0, 32;
    %sub;
    %wait E_0x5ac4cf914160;
    %jmp T_3.8;
T_3.9 ;
    %pop/vec4 1;
    %vpi_call/w 3 144 "$display", "Expected S4: Neuron should spike almost immediately with strong input." {0 0 0};
    %delay 10000, 0;
    %vpi_call/w 3 149 "$display", "\012--- Simulation Finished ---" {0 0 0};
    %vpi_call/w 3 150 "$finish" {0 0 0};
    %end;
    .thread T_3;
    .scope S_0x5ac4cf8d06e0;
T_4 ;
    %wait E_0x5ac4cf914160;
    %vpi_func/r 3 158 "$itor", v0x5ac4cf9000d0_0 {0 0 0};
    %pushi/vec4 256, 0, 40;
    %cvt/rv/s;
    %div/wr;
    %vpi_call/w 3 157 "$display", "Time: %0t ns, Reset: %b, Input I: %b, P: %0d (%.3f), S: %b", $time, v0x5ac4cf935430_0, v0x5ac4cf935190_0, v0x5ac4cf9000d0_0, W<0,r>, v0x5ac4cf935250_0 {0 1 0};
    %jmp T_4;
    .thread T_4;
# The file index is used to find the file name in the following table.
:file_names 5;
    "N/A";
    "<interactive>";
    "-";
    "tb_binary_lif_neuron.v";
    "binary_lif_neuron.v";
